# JRE version: OpenJDK Runtime Environment Temurin-17.0.11+9 (17.0.11+9) (build 17.0.11+9)
# Java VM: OpenJDK 64-Bit Server VM Temurin-17.0.11+9 (17.0.11+9, mixed mode, tiered, compressed oops, compressed class ptrs, parallel gc, windows-amd64)
GC Precious Log:
 CPUs: 12 total, 12 available
 Memory: 7519M
 Large Page Support: Disabled
 NUMA Support: Disabled
 Compressed Oops: Enabled (32-bit)
 Alignments: Space 512K, Generation 512K, Heap 2M
 Heap Min Capacity: 100M
 Heap Initial Capacity: 100M
 Heap Max Capacity: 1G
 Pre-touch: Disabled
 Parallel Workers: 10
Heap:
 PSYoungGen      total 24576K, used 6312K [0x00000000eab00000, 0x00000000ec480000, 0x0000000100000000)
  eden space 22016K, 28% used [0x00000000eab00000,0x00000000eb12a1c0,0x00000000ec080000)
  from space 2560K, 0% used [0x00000000ec080000,0x00000000ec080000,0x00000000ec300000)
  to   space 1536K, 0% used [0x00000000ec300000,0x00000000ec300000,0x00000000ec480000)
 ParOldGen       total 68608K, used 23876K [0x00000000c0000000, 0x00000000c4300000, 0x00000000eab00000)
  object space 68608K, 34% used [0x00000000c0000000,0x00000000c17511c8,0x00000000c4300000)
 Metaspace       used 59241K, committed 60288K, reserved 1114112K
  class space    used 6557K, committed 6976K, reserved 1048576K
GC Heap History (20 events):
Event: 4.800 GC heap before
{Heap before GC invocations=15 (full 2):
 PSYoungGen      total 23552K, used 23529K [0x00000000eab00000, 0x00000000ec780000, 0x0000000100000000)
  eden space 22528K, 100% used [0x00000000eab00000,0x00000000ec100000,0x00000000ec100000)
  from space 1024K, 97% used [0x00000000ec680000,0x00000000ec77a558,0x00000000ec780000)
  to   space 1536K, 0% used [0x00000000ec480000,0x00000000ec480000,0x00000000ec600000)
 ParOldGen       total 68608K, used 15626K [0x00000000c0000000, 0x00000000c4300000, 0x00000000eab00000)
  object space 68608K, 22% used [0x00000000c0000000,0x00000000c0f42b50,0x00000000c4300000)
 Metaspace       used 41049K, committed 41984K, reserved 1114112K
  class space    used 4239K, committed 4672K, reserved 1048576K
}
Event: 4.804 GC heap after
{Heap after GC invocations=15 (full 2):
 PSYoungGen      total 23552K, used 720K [0x00000000eab00000, 0x00000000ec700000, 0x0000000100000000)
  eden space 22016K, 0% used [0x00000000eab00000,0x00000000eab00000,0x00000000ec080000)
  from space 1536K, 46% used [0x00000000ec480000,0x00000000ec534010,0x00000000ec600000)
  to   space 1024K, 0% used [0x00000000ec600000,0x00000000ec600000,0x00000000ec700000)
 ParOldGen       total 68608K, used 16542K [0x00000000c0000000, 0x00000000c4300000, 0x00000000eab00000)
  object space 68608K, 24% used [0x00000000c0000000,0x00000000c1027970,0x00000000c4300000)
 Metaspace       used 41049K, committed 41984K, reserved 1114112K
  class space    used 4239K, committed 4672K, reserved 1048576K
}
Event: 4.971 GC heap before
{Heap before GC invocations=16 (full 2):
 PSYoungGen      total 23552K, used 22736K [0x00000000eab00000, 0x00000000ec700000, 0x0000000100000000)
  eden space 22016K, 100% used [0x00000000eab00000,0x00000000ec080000,0x00000000ec080000)
  from space 1536K, 46% used [0x00000000ec480000,0x00000000ec534010,0x00000000ec600000)
  to   space 1024K, 0% used [0x00000000ec600000,0x00000000ec600000,0x00000000ec700000)
 ParOldGen       total 68608K, used 16542K [0x00000000c0000000, 0x00000000c4300000, 0x00000000eab00000)
  object space 68608K, 24% used [0x00000000c0000000,0x00000000c1027970,0x00000000c4300000)
 Metaspace       used 42865K, committed 43840K, reserved 1114112K
  class space    used 4479K, committed 4864K, reserved 1048576K
}
Event: 4.973 GC heap after
{Heap after GC invocations=16 (full 2):
 PSYoungGen      total 23040K, used 1024K [0x00000000eab00000, 0x00000000ec700000, 0x0000000100000000)
  eden space 22016K, 0% used [0x00000000eab00000,0x00000000eab00000,0x00000000ec080000)
  from space 1024K, 100% used [0x00000000ec600000,0x00000000ec700000,0x00000000ec700000)
  to   space 1536K, 0% used [0x00000000ec400000,0x00000000ec400000,0x00000000ec580000)
 ParOldGen       total 68608K, used 17102K [0x00000000c0000000, 0x00000000c4300000, 0x00000000eab00000)
  object space 68608K, 24% used [0x00000000c0000000,0x00000000c10b3970,0x00000000c4300000)
 Metaspace       used 42865K, committed 43840K, reserved 1114112K
  class space    used 4479K, committed 4864K, reserved 1048576K
}
Event: 5.221 GC heap before
{Heap before GC invocations=17 (full 2):
 PSYoungGen      total 23040K, used 23040K [0x00000000eab00000, 0x00000000ec700000, 0x0000000100000000)
  eden space 22016K, 100% used [0x00000000eab00000,0x00000000ec080000,0x00000000ec080000)
  from space 1024K, 100% used [0x00000000ec600000,0x00000000ec700000,0x00000000ec700000)
  to   space 1536K, 0% used [0x00000000ec400000,0x00000000ec400000,0x00000000ec580000)
 ParOldGen       total 68608K, used 17102K [0x00000000c0000000, 0x00000000c4300000, 0x00000000eab00000)
  object space 68608K, 24% used [0x00000000c0000000,0x00000000c10b3970,0x00000000c4300000)
 Metaspace       used 45204K, committed 46144K, reserved 1114112K
  class space    used 4785K, committed 5184K, reserved 1048576K
}
Event: 5.224 GC heap after
{Heap after GC invocations=17 (full 2):
 PSYoungGen      total 23552K, used 1316K [0x00000000eab00000, 0x00000000ec680000, 0x0000000100000000)
  eden space 22016K, 0% used [0x00000000eab00000,0x00000000eab00000,0x00000000ec080000)
  from space 1536K, 85% used [0x00000000ec400000,0x00000000ec549140,0x00000000ec580000)
  to   space 1024K, 0% used [0x00000000ec580000,0x00000000ec580000,0x00000000ec680000)
 ParOldGen       total 68608K, used 17868K [0x00000000c0000000, 0x00000000c4300000, 0x00000000eab00000)
  object space 68608K, 26% used [0x00000000c0000000,0x00000000c1173220,0x00000000c4300000)
 Metaspace       used 45204K, committed 46144K, reserved 1114112K
  class space    used 4785K, committed 5184K, reserved 1048576K
}
Event: 5.409 GC heap before
{Heap before GC invocations=18 (full 2):
 PSYoungGen      total 23552K, used 23332K [0x00000000eab00000, 0x00000000ec680000, 0x0000000100000000)
  eden space 22016K, 100% used [0x00000000eab00000,0x00000000ec080000,0x00000000ec080000)
  from space 1536K, 85% used [0x00000000ec400000,0x00000000ec549140,0x00000000ec580000)
  to   space 1024K, 0% used [0x00000000ec580000,0x00000000ec580000,0x00000000ec680000)
 ParOldGen       total 68608K, used 17868K [0x00000000c0000000, 0x00000000c4300000, 0x00000000eab00000)
  object space 68608K, 26% used [0x00000000c0000000,0x00000000c1173220,0x00000000c4300000)
 Metaspace       used 47940K, committed 48896K, reserved 1114112K
  class space    used 5106K, committed 5504K, reserved 1048576K
}
Event: 5.413 GC heap after
{Heap after GC invocations=18 (full 2):
 PSYoungGen      total 23040K, used 1024K [0x00000000eab00000, 0x00000000ec680000, 0x0000000100000000)
  eden space 22016K, 0% used [0x00000000eab00000,0x00000000eab00000,0x00000000ec080000)
  from space 1024K, 100% used [0x00000000ec580000,0x00000000ec680000,0x00000000ec680000)
  to   space 3072K, 0% used [0x00000000ec080000,0x00000000ec080000,0x00000000ec380000)
 ParOldGen       total 68608K, used 19638K [0x00000000c0000000, 0x00000000c4300000, 0x00000000eab00000)
  object space 68608K, 28% used [0x00000000c0000000,0x00000000c132d838,0x00000000c4300000)
 Metaspace       used 47940K, committed 48896K, reserved 1114112K
  class space    used 5106K, committed 5504K, reserved 1048576K
}
Event: 6.013 GC heap before
{Heap before GC invocations=19 (full 2):
 PSYoungGen      total 23040K, used 23040K [0x00000000eab00000, 0x00000000ec680000, 0x0000000100000000)
  eden space 22016K, 100% used [0x00000000eab00000,0x00000000ec080000,0x00000000ec080000)
  from space 1024K, 100% used [0x00000000ec580000,0x00000000ec680000,0x00000000ec680000)
  to   space 3072K, 0% used [0x00000000ec080000,0x00000000ec080000,0x00000000ec380000)
 ParOldGen       total 68608K, used 19638K [0x00000000c0000000, 0x00000000c4300000, 0x00000000eab00000)
  object space 68608K, 28% used [0x00000000c0000000,0x00000000c132d838,0x00000000c4300000)
 Metaspace       used 50673K, committed 51648K, reserved 1114112K
  class space    used 5471K, committed 5888K, reserved 1048576K
}
Event: 6.015 GC heap after
{Heap after GC invocations=19 (full 2):
 PSYoungGen      total 25088K, used 1280K [0x00000000eab00000, 0x00000000ec600000, 0x0000000100000000)
  eden space 22016K, 0% used [0x00000000eab00000,0x00000000eab00000,0x00000000ec080000)
  from space 3072K, 41% used [0x00000000ec080000,0x00000000ec1c0000,0x00000000ec380000)
  to   space 2048K, 0% used [0x00000000ec400000,0x00000000ec400000,0x00000000ec600000)
 ParOldGen       total 68608K, used 20722K [0x00000000c0000000, 0x00000000c4300000, 0x00000000eab00000)
  object space 68608K, 30% used [0x00000000c0000000,0x00000000c143c848,0x00000000c4300000)
 Metaspace       used 50673K, committed 51648K, reserved 1114112K
  class space    used 5471K, committed 5888K, reserved 1048576K
}
Event: 6.286 GC heap before
{Heap before GC invocations=20 (full 2):
 PSYoungGen      total 25088K, used 23296K [0x00000000eab00000, 0x00000000ec600000, 0x0000000100000000)
  eden space 22016K, 100% used [0x00000000eab00000,0x00000000ec080000,0x00000000ec080000)
  from space 3072K, 41% used [0x00000000ec080000,0x00000000ec1c0000,0x00000000ec380000)
  to   space 2048K, 0% used [0x00000000ec400000,0x00000000ec400000,0x00000000ec600000)
 ParOldGen       total 68608K, used 20722K [0x00000000c0000000, 0x00000000c4300000, 0x00000000eab00000)
  object space 68608K, 30% used [0x00000000c0000000,0x00000000c143c848,0x00000000c4300000)
 Metaspace       used 53563K, committed 54656K, reserved 1114112K
  class space    used 5870K, committed 6336K, reserved 1048576K
}
Event: 6.290 GC heap after
{Heap after GC invocations=20 (full 2):
 PSYoungGen      total 23552K, used 1285K [0x00000000eab00000, 0x00000000ec580000, 0x0000000100000000)
  eden space 22016K, 0% used [0x00000000eab00000,0x00000000eab00000,0x00000000ec080000)
  from space 1536K, 83% used [0x00000000ec400000,0x00000000ec541678,0x00000000ec580000)
  to   space 1536K, 0% used [0x00000000ec280000,0x00000000ec280000,0x00000000ec400000)
 ParOldGen       total 68608K, used 21893K [0x00000000c0000000, 0x00000000c4300000, 0x00000000eab00000)
  object space 68608K, 31% used [0x00000000c0000000,0x00000000c1561558,0x00000000c4300000)
 Metaspace       used 53563K, committed 54656K, reserved 1114112K
  class space    used 5870K, committed 6336K, reserved 1048576K
}
Event: 7.161 GC heap before
{Heap before GC invocations=21 (full 2):
 PSYoungGen      total 23552K, used 23301K [0x00000000eab00000, 0x00000000ec580000, 0x0000000100000000)
  eden space 22016K, 100% used [0x00000000eab00000,0x00000000ec080000,0x00000000ec080000)
  from space 1536K, 83% used [0x00000000ec400000,0x00000000ec541678,0x00000000ec580000)
  to   space 1536K, 0% used [0x00000000ec280000,0x00000000ec280000,0x00000000ec400000)
 ParOldGen       total 68608K, used 21893K [0x00000000c0000000, 0x00000000c4300000, 0x00000000eab00000)
  object space 68608K, 31% used [0x00000000c0000000,0x00000000c1561558,0x00000000c4300000)
 Metaspace       used 56180K, committed 57216K, reserved 1114112K
  class space    used 6163K, committed 6592K, reserved 1048576K
}
Event: 7.166 GC heap after
{Heap after GC invocations=21 (full 2):
 PSYoungGen      total 23552K, used 1072K [0x00000000eab00000, 0x00000000ec480000, 0x0000000100000000)
  eden space 22016K, 0% used [0x00000000eab00000,0x00000000eab00000,0x00000000ec080000)
  from space 1536K, 69% used [0x00000000ec280000,0x00000000ec38c010,0x00000000ec400000)
  to   space 512K, 0% used [0x00000000ec400000,0x00000000ec400000,0x00000000ec480000)
 ParOldGen       total 68608K, used 22946K [0x00000000c0000000, 0x00000000c4300000, 0x00000000eab00000)
  object space 68608K, 33% used [0x00000000c0000000,0x00000000c1668bc0,0x00000000c4300000)
 Metaspace       used 56180K, committed 57216K, reserved 1114112K
  class space    used 6163K, committed 6592K, reserved 1048576K
}
Event: 7.681 GC heap before
{Heap before GC invocations=22 (full 2):
 PSYoungGen      total 23552K, used 23087K [0x00000000eab00000, 0x00000000ec480000, 0x0000000100000000)
  eden space 22016K, 99% used [0x00000000eab00000,0x00000000ec07fc50,0x00000000ec080000)
  from space 1536K, 69% used [0x00000000ec280000,0x00000000ec38c010,0x00000000ec400000)
  to   space 512K, 0% used [0x00000000ec400000,0x00000000ec400000,0x00000000ec480000)
 ParOldGen       total 68608K, used 22946K [0x00000000c0000000, 0x00000000c4300000, 0x00000000eab00000)
  object space 68608K, 33% used [0x00000000c0000000,0x00000000c1668bc0,0x00000000c4300000)
 Metaspace       used 58620K, committed 59712K, reserved 1114112K
  class space    used 6477K, committed 6912K, reserved 1048576K
}
Event: 7.685 GC heap after
{Heap after GC invocations=22 (full 2):
 PSYoungGen      total 22528K, used 480K [0x00000000eab00000, 0x00000000ec580000, 0x0000000100000000)
  eden space 22016K, 0% used [0x00000000eab00000,0x00000000eab00000,0x00000000ec080000)
  from space 512K, 93% used [0x00000000ec400000,0x00000000ec478020,0x00000000ec480000)
  to   space 2560K, 0% used [0x00000000ec080000,0x00000000ec080000,0x00000000ec300000)
 ParOldGen       total 68608K, used 24795K [0x00000000c0000000, 0x00000000c4300000, 0x00000000eab00000)
  object space 68608K, 36% used [0x00000000c0000000,0x00000000c1836f90,0x00000000c4300000)
 Metaspace       used 58620K, committed 59712K, reserved 1114112K
  class space    used 6477K, committed 6912K, reserved 1048576K
}
Event: 7.698 GC heap before
{Heap before GC invocations=23 (full 2):
 PSYoungGen      total 22528K, used 1898K [0x00000000eab00000, 0x00000000ec580000, 0x0000000100000000)
  eden space 22016K, 6% used [0x00000000eab00000,0x00000000eac62a00,0x00000000ec080000)
  from space 512K, 93% used [0x00000000ec400000,0x00000000ec478020,0x00000000ec480000)
  to   space 2560K, 0% used [0x00000000ec080000,0x00000000ec080000,0x00000000ec300000)
 ParOldGen       total 68608K, used 24795K [0x00000000c0000000, 0x00000000c4300000, 0x00000000eab00000)
  object space 68608K, 36% used [0x00000000c0000000,0x00000000c1836f90,0x00000000c4300000)
 Metaspace       used 58767K, committed 59776K, reserved 1114112K
  class space    used 6497K, committed 6912K, reserved 1048576K
}
Event: 7.700 GC heap after
{Heap after GC invocations=23 (full 2):
 PSYoungGen      total 24576K, used 494K [0x00000000eab00000, 0x00000000ec480000, 0x0000000100000000)
  eden space 22016K, 0% used [0x00000000eab00000,0x00000000eab00000,0x00000000ec080000)
  from space 2560K, 19% used [0x00000000ec080000,0x00000000ec0fba30,0x00000000ec300000)
  to   space 1536K, 0% used [0x00000000ec300000,0x00000000ec300000,0x00000000ec480000)
 ParOldGen       total 68608K, used 25274K [0x00000000c0000000, 0x00000000c4300000, 0x00000000eab00000)
  object space 68608K, 36% used [0x00000000c0000000,0x00000000c18aea28,0x00000000c4300000)
 Metaspace       used 58767K, committed 59776K, reserved 1114112K
  class space    used 6497K, committed 6912K, reserved 1048576K
}
Event: 7.700 GC heap before
{Heap before GC invocations=24 (full 3):
 PSYoungGen      total 24576K, used 494K [0x00000000eab00000, 0x00000000ec480000, 0x0000000100000000)
  eden space 22016K, 0% used [0x00000000eab00000,0x00000000eab00000,0x00000000ec080000)
  from space 2560K, 19% used [0x00000000ec080000,0x00000000ec0fba30,0x00000000ec300000)
  to   space 1536K, 0% used [0x00000000ec300000,0x00000000ec300000,0x00000000ec480000)
 ParOldGen       total 68608K, used 25274K [0x00000000c0000000, 0x00000000c4300000, 0x00000000eab00000)
  object space 68608K, 36% used [0x00000000c0000000,0x00000000c18aea28,0x00000000c4300000)
 Metaspace       used 58767K, committed 59776K, reserved 1114112K
  class space    used 6497K, committed 6912K, reserved 1048576K
}
Event: 7.759 GC heap after
{Heap after GC invocations=24 (full 3):
 PSYoungGen      total 24576K, used 0K [0x00000000eab00000, 0x00000000ec480000, 0x0000000100000000)
  eden space 22016K, 0% used [0x00000000eab00000,0x00000000eab00000,0x00000000ec080000)
  from space 2560K, 0% used [0x00000000ec080000,0x00000000ec080000,0x00000000ec300000)
  to   space 1536K, 0% used [0x00000000ec300000,0x00000000ec300000,0x00000000ec480000)
 ParOldGen       total 68608K, used 23876K [0x00000000c0000000, 0x00000000c4300000, 0x00000000eab00000)
  object space 68608K, 34% used [0x00000000c0000000,0x00000000c17511c8,0x00000000c4300000)
 Metaspace       used 58767K, committed 59776K, reserved 1114112K
  class space    used 6497K, committed 6912K, reserved 1048576K
}

