# JRE version: OpenJDK Runtime Environment Temurin-17.0.11+9 (17.0.11+9) (build 17.0.11+9)
# Java VM: OpenJDK 64-Bit Server VM Temurin-17.0.11+9 (17.0.11+9, mixed mode, tiered, compressed oops, compressed class ptrs, parallel gc, windows-amd64)
GC Precious Log:
 CPUs: 12 total, 12 available
 Memory: 7519M
 Large Page Support: Disabled
 NUMA Support: Disabled
 Compressed Oops: Enabled (32-bit)
 Alignments: Space 512K, Generation 512K, Heap 2M
 Heap Min Capacity: 100M
 Heap Initial Capacity: 100M
 Heap Max Capacity: 1G
 Pre-touch: Disabled
 Parallel Workers: 10
Heap:
 PSYoungGen      total 17408K, used 11791K [0x00000000eab00000, 0x00000000ec300000, 0x0000000100000000)
  eden space 16384K, 65% used [0x00000000eab00000,0x00000000eb587590,0x00000000ebb00000)
  from space 1024K, 98% used [0x00000000ebe00000,0x00000000ebefc8a0,0x00000000ebf00000)
  to   space 3072K, 0% used [0x00000000ebb00000,0x00000000ebb00000,0x00000000ebe00000)
 ParOldGen       total 68608K, used 41094K [0x00000000c0000000, 0x00000000c4300000, 0x00000000eab00000)
  object space 68608K, 59% used [0x00000000c0000000,0x00000000c2821ad0,0x00000000c4300000)
 Metaspace       used 49396K, committed 50240K, reserved 1114112K
  class space    used 4925K, committed 5312K, reserved 1048576K
GC Heap History (20 events):
Event: 6.992 GC heap before
{Heap before GC invocations=43 (full 2):
 PSYoungGen      total 19456K, used 18976K [0x00000000eab00000, 0x00000000ebf00000, 0x0000000100000000)
  eden space 18432K, 100% used [0x00000000eab00000,0x00000000ebd00000,0x00000000ebd00000)
  from space 1024K, 53% used [0x00000000ebe00000,0x00000000ebe88000,0x00000000ebf00000)
  to   space 1024K, 0% used [0x00000000ebd00000,0x00000000ebd00000,0x00000000ebe00000)
 ParOldGen       total 68608K, used 35681K [0x00000000c0000000, 0x00000000c4300000, 0x00000000eab00000)
  object space 68608K, 52% used [0x00000000c0000000,0x00000000c22d8578,0x00000000c4300000)
 Metaspace       used 47810K, committed 48640K, reserved 1114112K
  class space    used 4799K, committed 5184K, reserved 1048576K
}
Event: 6.995 GC heap after
{Heap after GC invocations=43 (full 2):
 PSYoungGen      total 19456K, used 512K [0x00000000eab00000, 0x00000000ebf00000, 0x0000000100000000)
  eden space 18432K, 0% used [0x00000000eab00000,0x00000000eab00000,0x00000000ebd00000)
  from space 1024K, 50% used [0x00000000ebd00000,0x00000000ebd80000,0x00000000ebe00000)
  to   space 1024K, 0% used [0x00000000ebe00000,0x00000000ebe00000,0x00000000ebf00000)
 ParOldGen       total 68608K, used 36087K [0x00000000c0000000, 0x00000000c4300000, 0x00000000eab00000)
  object space 68608K, 52% used [0x00000000c0000000,0x00000000c233dfb8,0x00000000c4300000)
 Metaspace       used 47810K, committed 48640K, reserved 1114112K
  class space    used 4799K, committed 5184K, reserved 1048576K
}
Event: 7.018 GC heap before
{Heap before GC invocations=44 (full 2):
 PSYoungGen      total 19456K, used 18944K [0x00000000eab00000, 0x00000000ebf00000, 0x0000000100000000)
  eden space 18432K, 100% used [0x00000000eab00000,0x00000000ebd00000,0x00000000ebd00000)
  from space 1024K, 50% used [0x00000000ebd00000,0x00000000ebd80000,0x00000000ebe00000)
  to   space 1024K, 0% used [0x00000000ebe00000,0x00000000ebe00000,0x00000000ebf00000)
 ParOldGen       total 68608K, used 36087K [0x00000000c0000000, 0x00000000c4300000, 0x00000000eab00000)
  object space 68608K, 52% used [0x00000000c0000000,0x00000000c233dfb8,0x00000000c4300000)
 Metaspace       used 47815K, committed 48704K, reserved 1114112K
  class space    used 4801K, committed 5184K, reserved 1048576K
}
Event: 7.022 GC heap after
{Heap after GC invocations=44 (full 2):
 PSYoungGen      total 19456K, used 544K [0x00000000eab00000, 0x00000000ebf00000, 0x0000000100000000)
  eden space 18432K, 0% used [0x00000000eab00000,0x00000000eab00000,0x00000000ebd00000)
  from space 1024K, 53% used [0x00000000ebe00000,0x00000000ebe88000,0x00000000ebf00000)
  to   space 1024K, 0% used [0x00000000ebd00000,0x00000000ebd00000,0x00000000ebe00000)
 ParOldGen       total 68608K, used 36519K [0x00000000c0000000, 0x00000000c4300000, 0x00000000eab00000)
  object space 68608K, 53% used [0x00000000c0000000,0x00000000c23a9fb8,0x00000000c4300000)
 Metaspace       used 47815K, committed 48704K, reserved 1114112K
  class space    used 4801K, committed 5184K, reserved 1048576K
}
Event: 7.043 GC heap before
{Heap before GC invocations=45 (full 2):
 PSYoungGen      total 19456K, used 18976K [0x00000000eab00000, 0x00000000ebf00000, 0x0000000100000000)
  eden space 18432K, 100% used [0x00000000eab00000,0x00000000ebd00000,0x00000000ebd00000)
  from space 1024K, 53% used [0x00000000ebe00000,0x00000000ebe88000,0x00000000ebf00000)
  to   space 1024K, 0% used [0x00000000ebd00000,0x00000000ebd00000,0x00000000ebe00000)
 ParOldGen       total 68608K, used 36519K [0x00000000c0000000, 0x00000000c4300000, 0x00000000eab00000)
  object space 68608K, 53% used [0x00000000c0000000,0x00000000c23a9fb8,0x00000000c4300000)
 Metaspace       used 47823K, committed 48704K, reserved 1114112K
  class space    used 4802K, committed 5184K, reserved 1048576K
}
Event: 7.045 GC heap after
{Heap after GC invocations=45 (full 2):
 PSYoungGen      total 19456K, used 544K [0x00000000eab00000, 0x00000000ebf00000, 0x0000000100000000)
  eden space 18432K, 0% used [0x00000000eab00000,0x00000000eab00000,0x00000000ebd00000)
  from space 1024K, 53% used [0x00000000ebd00000,0x00000000ebd88000,0x00000000ebe00000)
  to   space 1024K, 0% used [0x00000000ebe00000,0x00000000ebe00000,0x00000000ebf00000)
 ParOldGen       total 68608K, used 36951K [0x00000000c0000000, 0x00000000c4300000, 0x00000000eab00000)
  object space 68608K, 53% used [0x00000000c0000000,0x00000000c2415fb8,0x00000000c4300000)
 Metaspace       used 47823K, committed 48704K, reserved 1114112K
  class space    used 4802K, committed 5184K, reserved 1048576K
}
Event: 7.060 GC heap before
{Heap before GC invocations=46 (full 2):
 PSYoungGen      total 19456K, used 18976K [0x00000000eab00000, 0x00000000ebf00000, 0x0000000100000000)
  eden space 18432K, 100% used [0x00000000eab00000,0x00000000ebd00000,0x00000000ebd00000)
  from space 1024K, 53% used [0x00000000ebd00000,0x00000000ebd88000,0x00000000ebe00000)
  to   space 1024K, 0% used [0x00000000ebe00000,0x00000000ebe00000,0x00000000ebf00000)
 ParOldGen       total 68608K, used 36951K [0x00000000c0000000, 0x00000000c4300000, 0x00000000eab00000)
  object space 68608K, 53% used [0x00000000c0000000,0x00000000c2415fb8,0x00000000c4300000)
 Metaspace       used 47838K, committed 48704K, reserved 1114112K
  class space    used 4803K, committed 5184K, reserved 1048576K
}
Event: 7.063 GC heap after
{Heap after GC invocations=46 (full 2):
 PSYoungGen      total 19456K, used 640K [0x00000000eab00000, 0x00000000ebf00000, 0x0000000100000000)
  eden space 18432K, 0% used [0x00000000eab00000,0x00000000eab00000,0x00000000ebd00000)
  from space 1024K, 62% used [0x00000000ebe00000,0x00000000ebea0000,0x00000000ebf00000)
  to   space 1024K, 0% used [0x00000000ebd00000,0x00000000ebd00000,0x00000000ebe00000)
 ParOldGen       total 68608K, used 37389K [0x00000000c0000000, 0x00000000c4300000, 0x00000000eab00000)
  object space 68608K, 54% used [0x00000000c0000000,0x00000000c2483438,0x00000000c4300000)
 Metaspace       used 47838K, committed 48704K, reserved 1114112K
  class space    used 4803K, committed 5184K, reserved 1048576K
}
Event: 7.079 GC heap before
{Heap before GC invocations=47 (full 2):
 PSYoungGen      total 19456K, used 19072K [0x00000000eab00000, 0x00000000ebf00000, 0x0000000100000000)
  eden space 18432K, 100% used [0x00000000eab00000,0x00000000ebd00000,0x00000000ebd00000)
  from space 1024K, 62% used [0x00000000ebe00000,0x00000000ebea0000,0x00000000ebf00000)
  to   space 1024K, 0% used [0x00000000ebd00000,0x00000000ebd00000,0x00000000ebe00000)
 ParOldGen       total 68608K, used 37389K [0x00000000c0000000, 0x00000000c4300000, 0x00000000eab00000)
  object space 68608K, 54% used [0x00000000c0000000,0x00000000c2483438,0x00000000c4300000)
 Metaspace       used 47849K, committed 48704K, reserved 1114112K
  class space    used 4805K, committed 5184K, reserved 1048576K
}
Event: 7.081 GC heap after
{Heap after GC invocations=47 (full 2):
 PSYoungGen      total 19456K, used 608K [0x00000000eab00000, 0x00000000ebf00000, 0x0000000100000000)
  eden space 18432K, 0% used [0x00000000eab00000,0x00000000eab00000,0x00000000ebd00000)
  from space 1024K, 59% used [0x00000000ebd00000,0x00000000ebd98000,0x00000000ebe00000)
  to   space 1024K, 0% used [0x00000000ebe00000,0x00000000ebe00000,0x00000000ebf00000)
 ParOldGen       total 68608K, used 37871K [0x00000000c0000000, 0x00000000c4300000, 0x00000000eab00000)
  object space 68608K, 55% used [0x00000000c0000000,0x00000000c24fbd38,0x00000000c4300000)
 Metaspace       used 47849K, committed 48704K, reserved 1114112K
  class space    used 4805K, committed 5184K, reserved 1048576K
}
Event: 7.095 GC heap before
{Heap before GC invocations=48 (full 2):
 PSYoungGen      total 19456K, used 19040K [0x00000000eab00000, 0x00000000ebf00000, 0x0000000100000000)
  eden space 18432K, 100% used [0x00000000eab00000,0x00000000ebd00000,0x00000000ebd00000)
  from space 1024K, 59% used [0x00000000ebd00000,0x00000000ebd98000,0x00000000ebe00000)
  to   space 1024K, 0% used [0x00000000ebe00000,0x00000000ebe00000,0x00000000ebf00000)
 ParOldGen       total 68608K, used 37871K [0x00000000c0000000, 0x00000000c4300000, 0x00000000eab00000)
  object space 68608K, 55% used [0x00000000c0000000,0x00000000c24fbd38,0x00000000c4300000)
 Metaspace       used 47851K, committed 48704K, reserved 1114112K
  class space    used 4805K, committed 5184K, reserved 1048576K
}
Event: 7.097 GC heap after
{Heap after GC invocations=48 (full 2):
 PSYoungGen      total 19456K, used 608K [0x00000000eab00000, 0x00000000ebf00000, 0x0000000100000000)
  eden space 18432K, 0% used [0x00000000eab00000,0x00000000eab00000,0x00000000ebd00000)
  from space 1024K, 59% used [0x00000000ebe00000,0x00000000ebe98000,0x00000000ebf00000)
  to   space 1024K, 0% used [0x00000000ebd00000,0x00000000ebd00000,0x00000000ebe00000)
 ParOldGen       total 68608K, used 38343K [0x00000000c0000000, 0x00000000c4300000, 0x00000000eab00000)
  object space 68608K, 55% used [0x00000000c0000000,0x00000000c2571d38,0x00000000c4300000)
 Metaspace       used 47851K, committed 48704K, reserved 1114112K
  class space    used 4805K, committed 5184K, reserved 1048576K
}
Event: 7.119 GC heap before
{Heap before GC invocations=49 (full 2):
 PSYoungGen      total 19456K, used 19040K [0x00000000eab00000, 0x00000000ebf00000, 0x0000000100000000)
  eden space 18432K, 100% used [0x00000000eab00000,0x00000000ebd00000,0x00000000ebd00000)
  from space 1024K, 59% used [0x00000000ebe00000,0x00000000ebe98000,0x00000000ebf00000)
  to   space 1024K, 0% used [0x00000000ebd00000,0x00000000ebd00000,0x00000000ebe00000)
 ParOldGen       total 68608K, used 38343K [0x00000000c0000000, 0x00000000c4300000, 0x00000000eab00000)
  object space 68608K, 55% used [0x00000000c0000000,0x00000000c2571d38,0x00000000c4300000)
 Metaspace       used 47859K, committed 48704K, reserved 1114112K
  class space    used 4806K, committed 5184K, reserved 1048576K
}
Event: 7.121 GC heap after
{Heap after GC invocations=49 (full 2):
 PSYoungGen      total 19456K, used 640K [0x00000000eab00000, 0x00000000ebf00000, 0x0000000100000000)
  eden space 18432K, 0% used [0x00000000eab00000,0x00000000eab00000,0x00000000ebd00000)
  from space 1024K, 62% used [0x00000000ebd00000,0x00000000ebda0000,0x00000000ebe00000)
  to   space 1024K, 0% used [0x00000000ebe00000,0x00000000ebe00000,0x00000000ebf00000)
 ParOldGen       total 68608K, used 38796K [0x00000000c0000000, 0x00000000c4300000, 0x00000000eab00000)
  object space 68608K, 56% used [0x00000000c0000000,0x00000000c25e3330,0x00000000c4300000)
 Metaspace       used 47859K, committed 48704K, reserved 1114112K
  class space    used 4806K, committed 5184K, reserved 1048576K
}
Event: 7.141 GC heap before
{Heap before GC invocations=50 (full 2):
 PSYoungGen      total 19456K, used 19072K [0x00000000eab00000, 0x00000000ebf00000, 0x0000000100000000)
  eden space 18432K, 100% used [0x00000000eab00000,0x00000000ebd00000,0x00000000ebd00000)
  from space 1024K, 62% used [0x00000000ebd00000,0x00000000ebda0000,0x00000000ebe00000)
  to   space 1024K, 0% used [0x00000000ebe00000,0x00000000ebe00000,0x00000000ebf00000)
 ParOldGen       total 68608K, used 38796K [0x00000000c0000000, 0x00000000c4300000, 0x00000000eab00000)
  object space 68608K, 56% used [0x00000000c0000000,0x00000000c25e3330,0x00000000c4300000)
 Metaspace       used 47867K, committed 48704K, reserved 1114112K
  class space    used 4808K, committed 5184K, reserved 1048576K
}
Event: 7.144 GC heap after
{Heap after GC invocations=50 (full 2):
 PSYoungGen      total 19456K, used 512K [0x00000000eab00000, 0x00000000ebf00000, 0x0000000100000000)
  eden space 18432K, 0% used [0x00000000eab00000,0x00000000eab00000,0x00000000ebd00000)
  from space 1024K, 50% used [0x00000000ebe00000,0x00000000ebe80000,0x00000000ebf00000)
  to   space 1024K, 0% used [0x00000000ebd00000,0x00000000ebd00000,0x00000000ebe00000)
 ParOldGen       total 68608K, used 39266K [0x00000000c0000000, 0x00000000c4300000, 0x00000000eab00000)
  object space 68608K, 57% used [0x00000000c0000000,0x00000000c26589a8,0x00000000c4300000)
 Metaspace       used 47867K, committed 48704K, reserved 1114112K
  class space    used 4808K, committed 5184K, reserved 1048576K
}
Event: 7.166 GC heap before
{Heap before GC invocations=51 (full 2):
 PSYoungGen      total 19456K, used 18944K [0x00000000eab00000, 0x00000000ebf00000, 0x0000000100000000)
  eden space 18432K, 100% used [0x00000000eab00000,0x00000000ebd00000,0x00000000ebd00000)
  from space 1024K, 50% used [0x00000000ebe00000,0x00000000ebe80000,0x00000000ebf00000)
  to   space 1024K, 0% used [0x00000000ebd00000,0x00000000ebd00000,0x00000000ebe00000)
 ParOldGen       total 68608K, used 39266K [0x00000000c0000000, 0x00000000c4300000, 0x00000000eab00000)
  object space 68608K, 57% used [0x00000000c0000000,0x00000000c26589a8,0x00000000c4300000)
 Metaspace       used 47869K, committed 48704K, reserved 1114112K
  class space    used 4808K, committed 5184K, reserved 1048576K
}
Event: 7.167 GC heap after
{Heap after GC invocations=51 (full 2):
 PSYoungGen      total 19456K, used 512K [0x00000000eab00000, 0x00000000ebf00000, 0x0000000100000000)
  eden space 18432K, 0% used [0x00000000eab00000,0x00000000eab00000,0x00000000ebd00000)
  from space 1024K, 50% used [0x00000000ebd00000,0x00000000ebd80000,0x00000000ebe00000)
  to   space 1024K, 0% used [0x00000000ebe00000,0x00000000ebe00000,0x00000000ebf00000)
 ParOldGen       total 68608K, used 39674K [0x00000000c0000000, 0x00000000c4300000, 0x00000000eab00000)
  object space 68608K, 57% used [0x00000000c0000000,0x00000000c26be9a8,0x00000000c4300000)
 Metaspace       used 47869K, committed 48704K, reserved 1114112K
  class space    used 4808K, committed 5184K, reserved 1048576K
}
Event: 7.634 GC heap before
{Heap before GC invocations=52 (full 2):
 PSYoungGen      total 19456K, used 18944K [0x00000000eab00000, 0x00000000ebf00000, 0x0000000100000000)
  eden space 18432K, 100% used [0x00000000eab00000,0x00000000ebd00000,0x00000000ebd00000)
  from space 1024K, 50% used [0x00000000ebd00000,0x00000000ebd80000,0x00000000ebe00000)
  to   space 1024K, 0% used [0x00000000ebe00000,0x00000000ebe00000,0x00000000ebf00000)
 ParOldGen       total 68608K, used 39674K [0x00000000c0000000, 0x00000000c4300000, 0x00000000eab00000)
  object space 68608K, 57% used [0x00000000c0000000,0x00000000c26be9a8,0x00000000c4300000)
 Metaspace       used 48519K, committed 49408K, reserved 1114112K
  class space    used 4870K, committed 5248K, reserved 1048576K
}
Event: 7.637 GC heap after
{Heap after GC invocations=52 (full 2):
 PSYoungGen      total 17408K, used 1010K [0x00000000eab00000, 0x00000000ec300000, 0x0000000100000000)
  eden space 16384K, 0% used [0x00000000eab00000,0x00000000eab00000,0x00000000ebb00000)
  from space 1024K, 98% used [0x00000000ebe00000,0x00000000ebefc8a0,0x00000000ebf00000)
  to   space 3072K, 0% used [0x00000000ebb00000,0x00000000ebb00000,0x00000000ebe00000)
 ParOldGen       total 68608K, used 41094K [0x00000000c0000000, 0x00000000c4300000, 0x00000000eab00000)
  object space 68608K, 59% used [0x00000000c0000000,0x00000000c2821ad0,0x00000000c4300000)
 Metaspace       used 48519K, committed 49408K, reserved 1114112K
  class space    used 4870K, committed 5248K, reserved 1048576K
}

